  StylePlanner.cpp
C:\Users\Studia\Desktop\AplikacjaOkienkowaJIPP\proj\StylePlanner\x64\StylePlanner\StylePlanner.cpp(1,1): warning C4828: Plik zawiera znak rozpoczynający się od przesunięcia 0xfac, który jest niedozwolony w bieżącym zestawie znaków źródła (strona kodowa 65001).
C:\Users\Studia\Desktop\AplikacjaOkienkowaJIPP\proj\StylePlanner\x64\StylePlanner\StylePlanner.cpp(1,1): warning C4828: Plik zawiera znak rozpoczynający się od przesunięcia 0xfbc, który jest niedozwolony w bieżącym zestawie znaków źródła (strona kodowa 65001).
C:\Users\Studia\Desktop\AplikacjaOkienkowaJIPP\proj\StylePlanner\x64\StylePlanner\StylePlanner.cpp(1,1): warning C4828: Plik zawiera znak rozpoczynający się od przesunięcia 0xfcc, który jest niedozwolony w bieżącym zestawie znaków źródła (strona kodowa 65001).
C:\Users\Studia\Desktop\AplikacjaOkienkowaJIPP\proj\StylePlanner\x64\StylePlanner\StylePlanner.cpp(1,1): warning C4828: Plik zawiera znak rozpoczynający się od przesunięcia 0xfdb, który jest niedozwolony w bieżącym zestawie znaków źródła (strona kodowa 65001).
C:\Users\Studia\Desktop\AplikacjaOkienkowaJIPP\proj\StylePlanner\x64\StylePlanner\StylePlanner.cpp(1,1): warning C4828: Plik zawiera znak rozpoczynający się od przesunięcia 0xfe3, który jest niedozwolony w bieżącym zestawie znaków źródła (strona kodowa 65001).
C:\Users\Studia\Desktop\AplikacjaOkienkowaJIPP\proj\StylePlanner\x64\StylePlanner\StylePlanner.cpp(1,1): warning C4828: Plik zawiera znak rozpoczynający się od przesunięcia 0x1080, który jest niedozwolony w bieżącym zestawie znaków źródła (strona kodowa 65001).
C:\Users\Studia\Desktop\AplikacjaOkienkowaJIPP\proj\StylePlanner\x64\StylePlanner\StylePlanner.cpp(1,1): warning C4828: Plik zawiera znak rozpoczynający się od przesunięcia 0x10b5, który jest niedozwolony w bieżącym zestawie znaków źródła (strona kodowa 65001).
C:\Users\Studia\Desktop\AplikacjaOkienkowaJIPP\proj\StylePlanner\x64\StylePlanner\StylePlanner.cpp(1,1): warning C4828: Plik zawiera znak rozpoczynający się od przesunięcia 0x10b9, który jest niedozwolony w bieżącym zestawie znaków źródła (strona kodowa 65001).
C:\Users\Studia\Desktop\AplikacjaOkienkowaJIPP\proj\StylePlanner\x64\StylePlanner\StylePlanner.cpp(1,1): warning C4828: Plik zawiera znak rozpoczynający się od przesunięcia 0x10bc, który jest niedozwolony w bieżącym zestawie znaków źródła (strona kodowa 65001).
C:\Users\Studia\Desktop\AplikacjaOkienkowaJIPP\proj\StylePlanner\x64\StylePlanner\StylePlanner.cpp(1,1): warning C4828: Plik zawiera znak rozpoczynający się od przesunięcia 0x10c8, który jest niedozwolony w bieżącym zestawie znaków źródła (strona kodowa 65001).
C:\Users\Studia\Desktop\AplikacjaOkienkowaJIPP\proj\StylePlanner\x64\StylePlanner\StylePlanner.cpp(1,1): warning C4828: Plik zawiera znak rozpoczynający się od przesunięcia 0x115e, który jest niedozwolony w bieżącym zestawie znaków źródła (strona kodowa 65001).
C:\Users\Studia\Desktop\AplikacjaOkienkowaJIPP\proj\StylePlanner\x64\StylePlanner\StylePlanner.cpp(1,1): warning C4828: Plik zawiera znak rozpoczynający się od przesunięcia 0x116a, który jest niedozwolony w bieżącym zestawie znaków źródła (strona kodowa 65001).
C:\Users\Studia\Desktop\AplikacjaOkienkowaJIPP\proj\StylePlanner\x64\StylePlanner\StylePlanner.cpp(1,1): warning C4828: Plik zawiera znak rozpoczynający się od przesunięcia 0x1174, który jest niedozwolony w bieżącym zestawie znaków źródła (strona kodowa 65001).
C:\Users\Studia\Desktop\AplikacjaOkienkowaJIPP\proj\StylePlanner\x64\StylePlanner\StylePlanner.cpp(1,1): warning C4828: Plik zawiera znak rozpoczynający się od przesunięcia 0x117a, który jest niedozwolony w bieżącym zestawie znaków źródła (strona kodowa 65001).
C:\Users\Studia\Desktop\AplikacjaOkienkowaJIPP\proj\StylePlanner\x64\StylePlanner\StylePlanner.cpp(1,1): warning C4828: Plik zawiera znak rozpoczynający się od przesunięcia 0x1a45, który jest niedozwolony w bieżącym zestawie znaków źródła (strona kodowa 65001).
C:\Users\Studia\Desktop\AplikacjaOkienkowaJIPP\proj\StylePlanner\x64\StylePlanner\StylePlanner.cpp(1,1): warning C4828: Plik zawiera znak rozpoczynający się od przesunięcia 0x1a55, który jest niedozwolony w bieżącym zestawie znaków źródła (strona kodowa 65001).
C:\Users\Studia\Desktop\AplikacjaOkienkowaJIPP\proj\StylePlanner\x64\StylePlanner\StylePlanner.cpp(1,1): warning C4828: Plik zawiera znak rozpoczynający się od przesunięcia 0x1a65, który jest niedozwolony w bieżącym zestawie znaków źródła (strona kodowa 65001).
C:\Users\Studia\Desktop\AplikacjaOkienkowaJIPP\proj\StylePlanner\x64\StylePlanner\StylePlanner.cpp(1,1): warning C4828: Plik zawiera znak rozpoczynający się od przesunięcia 0x1a74, który jest niedozwolony w bieżącym zestawie znaków źródła (strona kodowa 65001).
C:\Users\Studia\Desktop\AplikacjaOkienkowaJIPP\proj\StylePlanner\x64\StylePlanner\StylePlanner.cpp(1,1): warning C4828: Plik zawiera znak rozpoczynający się od przesunięcia 0x1a7c, który jest niedozwolony w bieżącym zestawie znaków źródła (strona kodowa 65001).
C:\Users\Studia\Desktop\AplikacjaOkienkowaJIPP\proj\StylePlanner\x64\StylePlanner\StylePlanner.cpp(1,1): warning C4828: Plik zawiera znak rozpoczynający się od przesunięcia 0x1b0e, który jest niedozwolony w bieżącym zestawie znaków źródła (strona kodowa 65001).
C:\Users\Studia\Desktop\AplikacjaOkienkowaJIPP\proj\StylePlanner\x64\StylePlanner\StylePlanner.cpp(1,1): warning C4828: Plik zawiera znak rozpoczynający się od przesunięcia 0x1b43, który jest niedozwolony w bieżącym zestawie znaków źródła (strona kodowa 65001).
C:\Users\Studia\Desktop\AplikacjaOkienkowaJIPP\proj\StylePlanner\x64\StylePlanner\StylePlanner.cpp(1,1): warning C4828: Plik zawiera znak rozpoczynający się od przesunięcia 0x1b47, który jest niedozwolony w bieżącym zestawie znaków źródła (strona kodowa 65001).
C:\Users\Studia\Desktop\AplikacjaOkienkowaJIPP\proj\StylePlanner\x64\StylePlanner\StylePlanner.cpp(1,1): warning C4828: Plik zawiera znak rozpoczynający się od przesunięcia 0x1b4a, który jest niedozwolony w bieżącym zestawie znaków źródła (strona kodowa 65001).
C:\Users\Studia\Desktop\AplikacjaOkienkowaJIPP\proj\StylePlanner\x64\StylePlanner\StylePlanner.cpp(1,1): warning C4828: Plik zawiera znak rozpoczynający się od przesunięcia 0x1b56, który jest niedozwolony w bieżącym zestawie znaków źródła (strona kodowa 65001).
C:\Users\Studia\Desktop\AplikacjaOkienkowaJIPP\proj\StylePlanner\x64\StylePlanner\StylePlanner.cpp(1,1): warning C4828: Plik zawiera znak rozpoczynający się od przesunięcia 0x1bec, który jest niedozwolony w bieżącym zestawie znaków źródła (strona kodowa 65001).
C:\Users\Studia\Desktop\AplikacjaOkienkowaJIPP\proj\StylePlanner\x64\StylePlanner\StylePlanner.cpp(1,1): warning C4828: Plik zawiera znak rozpoczynający się od przesunięcia 0x1bf8, który jest niedozwolony w bieżącym zestawie znaków źródła (strona kodowa 65001).
C:\Users\Studia\Desktop\AplikacjaOkienkowaJIPP\proj\StylePlanner\x64\StylePlanner\StylePlanner.cpp(1,1): warning C4828: Plik zawiera znak rozpoczynający się od przesunięcia 0x1c02, który jest niedozwolony w bieżącym zestawie znaków źródła (strona kodowa 65001).
C:\Users\Studia\Desktop\AplikacjaOkienkowaJIPP\proj\StylePlanner\x64\StylePlanner\StylePlanner.cpp(1,1): warning C4828: Plik zawiera znak rozpoczynający się od przesunięcia 0x1c08, który jest niedozwolony w bieżącym zestawie znaków źródła (strona kodowa 65001).
  StylePlanner.vcxproj -> C:\Users\Studia\Desktop\AplikacjaOkienkowaJIPP\proj\StylePlanner\x64\Debug\StylePlanner.exe
